
Logfile opened on Wed Oct 25 16:22:28 2023

Wed Oct 25 16:22:28 2023 - Admin 0 : System/Rcon with 100 power kicked player: Sr-Krispy^7 id: 2310346614929663149 with the following reason: You were kicked. Reason - VPNs are not allowed on this server. For more information, go to discord.gg/kDg66tx.  
Wed Oct 25 16:22:53 2023 - Admin 0 : System/Rcon with 100 power kicked player: Sr-Krispy^7 id: 2310346614929663149 with the following reason: You were kicked. Reason - VPNs are not allowed on this server. For more information, go to discord.gg/kDg66tx.  
Wed Oct 25 23:43:48 2023 - Admin 0 : System/Rcon with 100 power kicked player: XL^7 id: 2310346614872877242 with the following reason: You were kicked. Reason - Your name must contain at least 3 characters.  
Fri Oct 27 02:14:57 2023 - Admin 0 : System/Rcon with 100 power kicked player: 7 8^7 id: 2310346616889341119 with the following reason: You were kicked. Reason - Your name must contain at least 3 characters.  

Logfile opened on Fri Oct 27 21:32:32 2023

Fri Oct 27 21:32:32 2023 - Admin 0 : System/Rcon with 100 power kicked player: CHOKEZZ^7 id: 2310346616674627414 with the following reason: You were kicked. Reason - 99.  
Sat Oct 28 06:56:29 2023 - Admin 0 : System/Rcon with 100 power kicked player: weno^7 id: 2310346614885510672 with the following reason: You were kicked. Reason - 99.  
Mon Oct 30 02:03:08 2023 - Admin 0 : System/Rcon with 100 power kicked player: TEENS IESSUS0°^7 id: 2310346615476773216 with the following reason: You were kicked. Reason - 99.  

Logfile opened on Fri Nov  3 01:34:15 2023

Fri Nov  3 01:34:15 2023 - Admin 0 : System/Rcon with 100 power kicked player: DZONERZY^7 id: 2310346613996054781 with the following reason: You are permanently banned. Reason - Cheating/Exploiting is not allowed. Visit discord.gg/kDg66tx to appeal 
Fri Nov  3 01:34:37 2023 - Admin 0 : System/Rcon with 100 power kicked player: DZONERZY^7 id: 2310346615472244257 with the following reason: You are permanently banned. Reason - Cheating/Exploiting is not allowed. Visit discord.gg/kDg66tx to appeal 
Fri Nov  3 01:34:37 2023 - Admin 0 : System/Rcon with 100 power kicked player: ^7 id: 2310346615472244257 with the following reason: You are permanently banned. Reason - Cheating/Exploiting is not allowed. Visit discord.gg/kDg66tx to appeal 

Logfile opened on Sun Nov  5 00:53:35 2023

Sun Nov  5 00:53:35 2023 - Admin 0 : System/Rcon with 100 power kicked player: Íû§…áZi_Íùû^7 id: 2310346616692248533 with the following reason: You were kicked. Reason - Your name cannot contain control characters.  
Sun Nov  5 00:54:09 2023 - Admin 0 : System/Rcon with 100 power kicked player: Íû§…áZi_Íùû^7 id: 2310346616692248533 with the following reason: You were kicked. Reason - Your name cannot contain control characters.  
Sun Nov  5 02:53:12 2023 - Admin 0 : System/Rcon with 100 power kicked player: :]^7 id: 2310346613432694070 with the following reason: You were kicked. Reason - Your name must contain at least 3 characters.  
Sun Nov  5 02:59:43 2023 - Admin 0 : System/Rcon with 100 power kicked player: Mr.Popin:$^7 id: 2310346614749956387 with the following reason: You are permanently banned. Reason - Too many reports. Visit discord.gg/kDg66tx to appeal 
Sun Nov  5 02:59:44 2023 - Admin 0 : System/Rcon with 100 power kicked player: ^7 id: 2310346614749956387 with the following reason: You are permanently banned. Reason - Too many reports. Visit discord.gg/kDg66tx to appeal 
Sun Nov  5 03:00:07 2023 - Admin 0 : System/Rcon with 100 power kicked player: Mr.Popin:$^7 id: 2310346614749956387 with the following reason: You are permanently banned. Reason - Too many reports. Visit discord.gg/kDg66tx to appeal 
Sun Nov  5 03:00:17 2023 - Admin 0 : System/Rcon with 100 power kicked player: Mr.Popin:$^7 id: 2310346614749956387 with the following reason: You are permanently banned. Reason - Too many reports. Visit discord.gg/kDg66tx to appeal 
Sun Nov  5 03:00:58 2023 - Admin 0 : System/Rcon with 100 power kicked player: Mr.Popin:$^7 id: 2310346614749956387 with the following reason: You are permanently banned. Reason - Too many reports. Visit discord.gg/kDg66tx to appeal 
Sun Nov  5 11:47:54 2023 - Admin 0 : System/Rcon with 100 power kicked player: ,^7 id: 2310346613965259362 with the following reason: You were kicked. Reason - Your name must contain at least 3 characters.  
Sun Nov  5 23:00:10 2023 - Admin 0 : System/Rcon with 100 power kicked player: KG^7 id: 2310346613327193452 with the following reason: You were kicked. Reason - Your name must contain at least 3 characters.  

Logfile opened on Wed Nov  8 17:22:26 2023

Wed Nov  8 17:22:26 2023 - Admin 0 : System/Rcon with 100 power kicked player: .^7 id: 2310346613965259362 with the following reason: You were kicked. Reason - Your name must contain at least 3 characters.  

Logfile opened on Sun Nov 12 23:27:25 2023

Sun Nov 12 23:27:25 2023 - Admin 0 : System/Rcon with 100 power kicked player: loki^7 id: 2310346614282347130 with the following reason: You are permanently banned. Reason - Cheating/Exploiting is not allowed. Visit discord.gg/kDg66tx to appeal 

Logfile opened on Thu Nov 16 18:16:15 2023

Thu Nov 16 18:16:15 2023 - Admin 0 : System/Rcon with 100 power kicked player: Bl1mey^7 id: 2310346614611870268 with the following reason: You were kicked. Reason - VPNs are not allowed on this server. For more information, go to discord.gg/kDg66tx.  
Thu Nov 16 22:51:37 2023 - Admin 0 : System/Rcon with 100 power kicked player: =LW= sektoz^7 id: 2310346614536740989 with the following reason: You were kicked. Reason - VPNs are not allowed on this server. For more information, go to discord.gg/kDg66tx.  

Logfile opened on Sun Nov 19 06:09:19 2023

Sun Nov 19 06:09:19 2023 - Admin 0 : System/Rcon with 100 power kicked player: 7384^7 id: 2310346616974922637 with the following reason: You were kicked. Reason - VPNs are not allowed on this server. For more information, go to discord.gg/kDg66tx.  
Sun Nov 19 06:40:34 2023 - Admin 0 : System/Rcon with 100 power kicked player: 7384^7 id: 2310346616974922637 with the following reason: You were kicked. Reason - VPNs are not allowed on this server. For more information, go to discord.gg/kDg66tx.  
Sun Nov 19 06:42:06 2023 - Admin 0 : System/Rcon with 100 power kicked player: 7384^7 id: 2310346616974922637 with the following reason: You were kicked. Reason - VPNs are not allowed on this server. For more information, go to discord.gg/kDg66tx.  

Logfile opened on Sun Nov 19 06:48:02 2023

Sun Nov 19 06:48:02 2023 - Admin 0 : System/Rcon with 100 power kicked player: 7384^7 id: 2310346616974922637 with the following reason: You were kicked. Reason - VPNs are not allowed on this server. For more information, go to discord.gg/kDg66tx.  
Sun Nov 19 07:08:12 2023 - Admin 0 : System/Rcon with 100 power kicked player: 7384^7 id: 2310346616974922637 with the following reason: You were kicked. Reason - VPNs are not allowed on this server. For more information, go to discord.gg/kDg66tx.  

Logfile opened on Sun Nov 19 19:46:42 2023

Sun Nov 19 19:46:42 2023 - Admin 0 : System/Rcon with 100 power kicked player: lkfe^7 id: 2310346616974922637 with the following reason: You were kicked. Reason - VPNs are not allowed on this server. For more information, go to discord.gg/kDg66tx.  
Sun Nov 19 19:50:16 2023 - Admin 0 : System/Rcon with 100 power kicked player: lkfe^7 id: 2310346616974922637 with the following reason: You were kicked. Reason - VPNs are not allowed on this server. For more information, go to discord.gg/kDg66tx.  
Sun Nov 19 19:58:26 2023 - Admin 0 : System/Rcon with 100 power kicked player: lkfe^7 id: 2310346616974922637 with the following reason: You were kicked. Reason - VPNs are not allowed on this server. For more information, go to discord.gg/kDg66tx.  
Sun Nov 19 19:59:07 2023 - Admin 0 : System/Rcon with 100 power kicked player: lkfe^7 id: 2310346616974922637 with the following reason: You were kicked. Reason - VPNs are not allowed on this server. For more information, go to discord.gg/kDg66tx.  
Sun Nov 19 20:01:31 2023 - Admin 0 : System/Rcon with 100 power kicked player: lkfe^7 id: 2310346616974922637 with the following reason: You were kicked. Reason - VPNs are not allowed on this server. For more information, go to discord.gg/kDg66tx.  

Logfile opened on Sun Nov 19 20:07:10 2023

Sun Nov 19 20:07:10 2023 - Admin 0 : System/Rcon with 100 power kicked player: lkfe^7 id: 2310346616974922637 with the following reason: You were kicked. Reason - VPNs are not allowed on this server. For more information, go to discord.gg/kDg66tx.  
Sun Nov 19 20:08:31 2023 - Admin 0 : System/Rcon with 100 power kicked player: lkfe^7 id: 2310346616974922637 with the following reason: You were kicked. Reason - VPNs are not allowed on this server. For more information, go to discord.gg/kDg66tx.  
Sun Nov 19 20:09:47 2023 - Admin 0 : System/Rcon with 100 power kicked player: lkfe^7 id: 2310346616974922637 with the following reason: You were kicked. Reason - VPNs are not allowed on this server. For more information, go to discord.gg/kDg66tx.  
Sun Nov 19 20:10:43 2023 - Admin 0 : System/Rcon with 100 power kicked player: lkfe^7 id: 2310346616974922637 with the following reason: You were kicked. Reason - VPNs are not allowed on this server. For more information, go to discord.gg/kDg66tx.  

Logfile opened on Wed Nov 22 02:33:26 2023

Wed Nov 22 02:33:26 2023 - Admin 0 : System/Rcon with 100 power kicked player: ManutriXDeuSs^7 id: 2310346613786000181 with the following reason: You were kicked. Reason - 999.  
Wed Nov 22 02:38:10 2023 - Admin 0 : System/Rcon with 100 power kicked player: —Å—ã–Ω —Å–æ–ª–µ–π(–º–∞—Å–∏–∫)^7 id: 2310346614711690398 with the following reason: You were kicked. Reason - Your name cannot contain control characters.  
Wed Nov 22 03:28:52 2023 - Admin 0 : System/Rcon with 100 power kicked player: Chenitha^7 id: 2310346614296457660 with the following reason: You were kicked. Reason - 999 afk.  
Wed Nov 22 04:23:08 2023 - Admin 0 : System/Rcon with 100 power kicked player: Alice02^7 id: 2310346617207698928 with the following reason: You are permanently banned. Reason - #2 Do not use hack if you are detected using it you will be permanently banned. Visit discord.gg/kDg66tx to appeal 
Wed Nov 22 06:21:00 2023 - Admin 0 : System/Rcon with 100 power kicked player: (KFC) Brando :3^7 id: 2310346613267980235 with the following reason: You were kicked. Reason - ffa.  
Wed Nov 22 06:21:07 2023 - Admin 0 : System/Rcon with 100 power kicked player: moises^7 id: 2310346613140164082 with the following reason: You were kicked. Reason - ffa.  

Logfile opened on Thu Nov 23 03:58:49 2023

Thu Nov 23 03:58:49 2023 - Admin 0 : System/Rcon with 100 power kicked player: Albert Ensteins,^7 id: 2310346616974922637 with the following reason: You were kicked. Reason - VPNs are not allowed on this server. For more information, go to discord.gg/kDg66tx.  

Logfile opened on Thu Nov 23 04:08:41 2023

Thu Nov 23 04:08:41 2023 - Admin 0 : System/Rcon with 100 power kicked player: Albert Ensteins,^7 id: 2310346616974922637 with the following reason: You were kicked. Reason - VPNs are not allowed on this server. For more information, go to discord.gg/kDg66tx.  
Thu Nov 23 04:10:18 2023 - Admin 0 : System/Rcon with 100 power kicked player: 8483}^7 id: 2310346616974922637 with the following reason: You were kicked. Reason - VPNs are not allowed on this server. For more information, go to discord.gg/kDg66tx.  

Logfile opened on Thu Nov 23 21:39:26 2023

Thu Nov 23 21:39:26 2023 - Admin 0 : System/Rcon with 100 power kicked player: chupexz^7 id: 2310346613243989304 with the following reason: You were kicked. Reason - no obj.  
Sat Nov 25 19:33:54 2023 - Admin 0 : System/Rcon with 100 power kicked player: –ö–û–ù–ß–ò–ö^7 id: 2310346616170324705 with the following reason: You were kicked. Reason - Your name cannot contain control characters.  
Sat Nov 25 19:34:19 2023 - Admin 0 : System/Rcon with 100 power kicked player: –ö–û–ù–ß–ò–ö^7 id: 2310346616170324705 with the following reason: You were kicked. Reason - Your name cannot contain control characters.  

Logfile opened on Tue Nov 28 22:56:02 2023

Tue Nov 28 22:56:02 2023 - Admin 0 : System/Rcon with 100 power kicked player: ^0oX^7 id: 2310346614076657189 with the following reason: You were kicked. Reason - Your name must contain at least 3 characters.  
Tue Nov 28 23:36:21 2023 - Admin 0 : System/Rcon with 100 power kicked player: |KFC| Nemesis.^7 id: 2310346615206225874 with the following reason: You were kicked. Reason - aafk.  
Wed Nov 29 02:10:01 2023 - Admin 0 : System/Rcon with 100 power kicked player: |KFC| Nemesis.^7 id: 2310346615206225874 with the following reason: You were kicked. Reason - 999.  

Logfile opened on Sun Dec  3 01:09:44 2023

Sun Dec  3 01:09:44 2023 - Admin 0 : System/Rcon with 100 power kicked player: [ee] sosa^7 id: 2310346614865843447 with the following reason: You were kicked. Reason - Your name must contain at least 3 characters.  
Sun Dec  3 22:37:35 2023 - Admin 0 : System/Rcon with 100 power kicked player: l8tus^7 id: 2310346615054857148 with the following reason: You are permanently banned. Reason - Cheating/Exploiting is not allowed. Visit discord.gg/kDg66tx to appeal 
Mon Dec  4 23:45:04 2023 - Admin 0 : System/Rcon with 100 power kicked player: 17^7 id: 2310346613192837855 with the following reason: You were kicked. Reason - Your name must contain at least 3 characters.  
Mon Dec  4 23:48:03 2023 - Admin 0 : System/Rcon with 100 power kicked player: 17^7 id: 2310346613192837855 with the following reason: You were kicked. Reason - Your name must contain at least 3 characters.  
Tue Dec  5 04:21:02 2023 - Admin 0 : System/Rcon with 100 power kicked player: 17^7 id: 2310346613192837855 with the following reason: You were kicked. Reason - Your name must contain at least 3 characters.  
Tue Dec  5 04:21:43 2023 - Admin 0 : System/Rcon with 100 power kicked player: 17^7 id: 2310346613192837855 with the following reason: You were kicked. Reason - Your name must contain at least 3 characters.  
Tue Dec  5 04:22:39 2023 - Admin 0 : System/Rcon with 100 power kicked player: 17^7 id: 2310346613192837855 with the following reason: You were kicked. Reason - Your name must contain at least 3 characters.  
Tue Dec  5 04:31:30 2023 - Admin 0 : System/Rcon with 100 power kicked player: 17^7 id: 2310346613192837855 with the following reason: You were kicked. Reason - Your name must contain at least 3 characters.  
Tue Dec  5 04:32:21 2023 - Admin 0 : System/Rcon with 100 power kicked player: 17^7 id: 2310346613192837855 with the following reason: You were kicked. Reason - Your name must contain at least 3 characters.  

Logfile opened on Thu Dec  7 03:46:42 2023

Thu Dec  7 03:46:42 2023 - Admin 0 : System/Rcon with 100 power kicked player: a^7 id: 2310346616568321180 with the following reason: You were kicked. Reason - Your name must contain at least 3 characters.  
Thu Dec  7 22:32:44 2023 - Admin 0 : System/Rcon with 100 power kicked player: 2StepIN^7 id: 2310346617131282266 with the following reason: You are permanently banned. Reason - #2 Do not use hack if you are detected using it you will be permanently banned. Visit discord.gg/kDg66tx to appeal 

Logfile opened on Sat Dec 16 21:34:14 2023

Sat Dec 16 21:34:14 2023 - Admin 0 : System/Rcon with 100 power kicked player: psycho^7 id: 2310346615478815449 with the following reason: You are permanently banned. Reason - #2 Do not use hack if you are detected using it you will be permanently banned. Visit discord.gg/kDg66tx to appeal 
Mon Dec 18 20:30:30 2023 - Admin 0 : System/Rcon with 100 power kicked player: yes^7 id: 2310346616959558457 with the following reason: You are permanently banned. Reason - #2 Do not use hack if you are detected using it you will be permanently banned. Visit discord.gg/kDg66tx to appeal 
Mon Dec 18 22:56:59 2023 - Admin 0 : System/Rcon with 100 power kicked player: psycho^7 id: 2310346615478815449 with the following reason: You are permanently banned. Reason - #2 Do not use hack if you are detected using it you will be permanently banned. Visit discord.gg/kDg66tx to appeal 
Mon Dec 18 23:05:04 2023 - Admin 0 : System/Rcon with 100 power kicked player: psycho^7 id: 2310346615478815449 with the following reason: You are permanently banned. Reason - #2 Do not use hack if you are detected using it you will be permanently banned. Visit discord.gg/kDg66tx to appeal 
Mon Dec 18 23:13:25 2023 - Admin 0 : System/Rcon with 100 power kicked player: psycho^7 id: 2310346615478815449 with the following reason: You are permanently banned. Reason - #2 Do not use hack if you are detected using it you will be permanently banned. Visit discord.gg/kDg66tx to appeal 
Tue Dec 19 03:56:42 2023 - Admin 0 : System/Rcon with 100 power kicked player: psycho^7 id: 2310346615478815449 with the following reason: You are permanently banned. Reason - #2 Do not use hack if you are detected using it you will be permanently banned. Visit discord.gg/kDg66tx to appeal 
Tue Dec 19 04:03:03 2023 - Admin 0 : System/Rcon with 100 power kicked player: psycho^7 id: 2310346615478815449 with the following reason: You are permanently banned. Reason - #2 Do not use hack if you are detected using it you will be permanently banned. Visit discord.gg/kDg66tx to appeal 
Tue Dec 19 04:10:05 2023 - Admin 0 : System/Rcon with 100 power kicked player: down^7 id: 2310346615478815449 with the following reason: You are permanently banned. Reason - #2 Do not use hack if you are detected using it you will be permanently banned. Visit discord.gg/kDg66tx to appeal 
Tue Dec 19 04:37:48 2023 - Admin 0 : System/Rcon with 100 power kicked player: down^7 id: 2310346615478815449 with the following reason: You are permanently banned. Reason - #2 Do not use hack if you are detected using it you will be permanently banned. Visit discord.gg/kDg66tx to appeal 
Wed Dec 20 02:34:15 2023 - Admin 0 : System/Rcon with 100 power kicked player: down^7 id: 2310346615478815449 with the following reason: You are permanently banned. Reason - #2 Do not use hack if you are detected using it you will be permanently banned. Visit discord.gg/kDg66tx to appeal 

Logfile opened on Sat Dec 23 01:52:56 2023

Sat Dec 23 01:52:56 2023 - Admin 0 : System/Rcon with 100 power kicked player: #5^7 id: 2310346616141670472 with the following reason: You were kicked. Reason - Your name must contain at least 3 characters.  
Sat Dec 23 01:53:22 2023 - Admin 0 : System/Rcon with 100 power kicked player: #5^7 id: 2310346616141670472 with the following reason: You were kicked. Reason - Your name must contain at least 3 characters.  
Mon Dec 25 00:08:26 2023 - Admin 0 : System/Rcon with 100 power kicked player: [KFC]Codito^7 id: 2310346613432694070 with the following reason: You were kicked. Reason - Away from keyboard.  
Mon Dec 25 00:54:21 2023 - Admin 0 : System/Rcon with 100 power kicked player: N/McK ∆RIO^7 id: 2310346613432694070 with the following reason: You were kicked. Reason - spawm.  
Mon Dec 25 00:54:58 2023 - Admin 0 : System/Rcon with 100 power kicked player: N/McK ∆RIO^7 id: 2310346613432694070 with the following reason: You were kicked. Reason - Spawm 5m.  
Mon Dec 25 01:12:57 2023 - Admin 0 : System/Rcon with 100 power kicked player: -o-^7 id: 2310346613902711605 with the following reason: You are permanently banned. Reason - #3 Do not use elevators if an administrator detects it you will be banned for a week and if you do it again you will be banned Permanently. Visit discord.gg/kDg66tx to appeal 
Mon Dec 25 01:13:17 2023 - Admin 0 : System/Rcon with 100 power kicked player: -o-^7 id: 2310346613902711605 with the following reason: You are permanently banned. Reason - #3 Do not use elevators if an administrator detects it you will be banned for a week and if you do it again you will be banned Permanently. Visit discord.gg/kDg66tx to appeal 
Thu Dec 28 04:07:16 2023 - Admin 0 : System/Rcon with 100 power kicked player: ooo^7 id: 2310346617244248989 with the following reason: You were kicked. Reason - ping.  

Logfile opened on Sat Dec 30 02:54:59 2023

Sat Dec 30 02:54:59 2023 - Admin 0 : System/Rcon with 100 power kicked player: Siul^7 id: 2310346616639348357 with the following reason: You were kicked. Reason - 999.  

Logfile opened on Sun Dec 31 17:51:47 2023

Sun Dec 31 17:51:47 2023 - Admin 0 : System/Rcon with 100 power kicked player: :)^7 id: 0 with the following reason: You were kicked. Reason - Your name must contain at least 3 characters.  
Mon Jan  1 00:29:38 2024 - Admin 0 : System/Rcon with 100 power kicked player: |/^7 id: 2310346614872877242 with the following reason: You were kicked. Reason - Your name must contain at least 3 characters.  
Mon Jan  1 00:48:06 2024 - Admin 0 : System/Rcon with 100 power kicked player: Default^7 id: 2310346616559975574 with the following reason: You were kicked. Reason - 999.  

Logfile opened on Wed Jan  3 18:29:00 2024

Wed Jan  3 18:29:00 2024 - Admin 0 : System/Rcon with 100 power kicked player: XL^7 id: 2310346615351134481 with the following reason: You were kicked. Reason - Your name must contain at least 3 characters.  

Logfile opened on Mon Jan  8 19:44:01 2024

Mon Jan  8 19:44:01 2024 - Admin 0 : System/Rcon with 100 power kicked player: C00 :]^7 id: 2310346614256931076 with the following reason: You are permanently banned. Reason - #2 Do not use hack if you are detected using it you will be permanently banned. Visit discord.gg/YRBJbbmeAW to appeal 

Logfile opened on Wed Jan 10 16:03:48 2024

Wed Jan 10 16:03:48 2024 - Admin 0 : System/Rcon with 100 power kicked player: #1^7 id: 0 with the following reason: You were kicked. Reason - Your name must contain at least 3 characters.  

Logfile opened on Sat Jan 13 02:56:56 2024

Sat Jan 13 02:56:56 2024 - Admin 0 : System/Rcon with 100 power kicked player: ™^7 id: 2310346614035736791 with the following reason: You were kicked. Reason - Your name must contain at least 3 characters.  

Logfile opened on Mon Jan 15 07:07:31 2024

Mon Jan 15 07:07:31 2024 - Admin 0 : System/Rcon with 100 power kicked player: Zuranx^7 id: 2310346614790900825 with the following reason: You were kicked. Reason - ⁄nete en discird de [FKC] Hablaremos.  

Logfile opened on Tue Jan 16 03:00:38 2024

Tue Jan 16 03:00:38 2024 - Admin 0 : System/Rcon with 100 power kicked player: c00^7 id: 2310346614256931076 with the following reason: You are permanently banned. Reason - #2 Do not use hack if you are detected using it you will be permanently banned. Visit discord.gg/YRBJbbmeAW to appeal 
Tue Jan 16 03:01:04 2024 - Admin 0 : System/Rcon with 100 power kicked player: cBr :]^7 id: 2310346614256931076 with the following reason: You are permanently banned. Reason - #2 Do not use hack if you are detected using it you will be permanently banned. Visit discord.gg/YRBJbbmeAW to appeal 
Tue Jan 16 03:53:48 2024 - Admin 0 : System/Rcon with 100 power kicked player: Ash^7 id: 2310346613139124105 with the following reason: You are permanently banned. Reason - #2 Do not use hack if you are detected using it you will be permanently banned. Visit discord.gg/YRBJbbmeAW to appeal 
Tue Jan 16 04:19:58 2024 - Admin 0 : System/Rcon with 100 power kicked player: not erre uno^7 id: 2310346616524435866 with the following reason: You were kicked. Reason - tag.  
Wed Jan 17 03:54:35 2024 - Admin 0 : System/Rcon with 100 power kicked player: {[SPKZJE]}^7 id: 2310346615476038295 with the following reason: You were kicked. Reason - Away from keyboard.  

Logfile opened on Fri Jan 19 23:12:03 2024

Fri Jan 19 23:12:03 2024 - Admin 0 : System/Rcon with 100 power kicked player: SHAKA^7 id: 2310346615478815449 with the following reason: You are permanently banned. Reason - #2 Do not use hack if you are detected using it you will be permanently banned. Visit discord.gg/YRBJbbmeAW to appeal 
Fri Jan 19 23:17:28 2024 - Admin 0 : System/Rcon with 100 power kicked player: SHAKA^7 id: 0 with the following reason: You are permanently banned. Reason - #2 Do not use hack if you are detected using it you will be permanently banned. Visit discord.gg/YRBJbbmeAW to appeal 

Logfile opened on Sun Jan 21 06:10:40 2024

Sun Jan 21 06:10:40 2024 - Admin 0 : System/Rcon with 100 power kicked player: SHAKA^7 id: 2310346615478815449 with the following reason: You are permanently banned. Reason - #2 Do not use hack if you are detected using it you will be permanently banned. Visit discord.gg/YRBJbbmeAW to appeal 

Logfile opened on Tue Jan 23 02:06:43 2024

Tue Jan 23 02:06:43 2024 - Admin 0 : System/Rcon with 100 power kicked player: messi^7 id: 2310346613965259362 with the following reason: You are permanently banned. Reason - Need PC Check | Join Discord to Appeal: https:/ /discord.gg/3cyU3B53vs | Suspecting Wallhacks. Visit discord.gg/YRBJbbmeAW to appeal 

Logfile opened on Tue Jan 23 19:46:04 2024

Tue Jan 23 19:46:04 2024 - Admin 0 : System/Rcon with 100 power kicked player: Se^7 id: 2310346615919448879 with the following reason: You were kicked. Reason - Away from keyboard.  
Tue Jan 23 20:29:18 2024 - Admin 0 : System/Rcon with 100 power kicked player: SanEffect^7 id: 2310346617371075419 with the following reason: You were kicked. Reason - Away from keyboard.  

Logfile opened on Fri Jan 26 20:22:52 2024

Fri Jan 26 20:22:52 2024 - Admin 0 : System/Rcon with 100 power kicked player: IssaxD^7 id: 2310346617279217459 with the following reason: You were kicked. Reason - Away from keyboard.  

Logfile opened on Sat Jan 27 19:13:38 2024

Sat Jan 27 19:13:38 2024 - Admin 0 : System/Rcon with 100 power kicked player: phan^7 id: 2310346616324466436 with the following reason: You are permanently banned. Reason - #2 Do not use hack if you are detected using it you will be permanently banned. Visit discord.gg/YRBJbbmeAW to appeal 
Sat Jan 27 20:26:03 2024 - Admin 0 : System/Rcon with 100 power kicked player: SanEffect^7 id: 2310346617371075419 with the following reason: You were kicked. Reason - Away from keyboard.  
Sun Jan 28 19:30:52 2024 - Admin 0 : System/Rcon with 100 power kicked player: [KFC] King^7 id: 2310346615935451267 with the following reason: You were kicked. Reason - Away from keyboard.  
Mon Jan 29 18:11:29 2024 - Admin 0 : System/Rcon with 100 power kicked player: SanEffect^7 id: 2310346617371075419 with the following reason: You were kicked. Reason - Away from keyboard.  
Mon Jan 29 18:21:27 2024 - Admin 0 : System/Rcon with 100 power kicked player: ponchito^7 id: 2310346613417880868 with the following reason: You were kicked. Reason - Away from keyboard.  
Tue Jan 30 18:13:41 2024 - Admin 0 : System/Rcon with 100 power kicked player: Blast^7 id: 2310346616762117223 with the following reason: You are permanently banned. Reason - #2 Do not use hack if you are detected using it you will be permanently banned. Visit discord.gg/YRBJbbmeAW to appeal 

Logfile opened on Thu Feb  1 22:59:02 2024

Thu Feb  1 22:59:02 2024 - Admin 0 : System/Rcon with 100 power kicked player: >r1^7 id: 2310346616524435866 with the following reason: You were kicked. Reason - sa.  

Logfile opened on Sat Feb  3 20:20:25 2024

Sat Feb  3 20:20:25 2024 - Admin 0 : System/Rcon with 100 power kicked player: Shooter^7 id: 2310346613326568942 with the following reason: You were kicked. Reason - Away from keyboard.  
Sat Feb  3 23:12:11 2024 - Admin 0 : System/Rcon with 100 power kicked player: DIVINEj iz wiz!^7 id: 2310346615478815449 with the following reason: You are permanently banned. Reason - #2 Do not use hack if you are detected using it you will be permanently banned. Visit discord.gg/YRBJbbmeAW to appeal 
Sat Feb  3 23:59:49 2024 - Admin 0 : System/Rcon with 100 power kicked player: Brn^7 id: 2310346614256931076 with the following reason: You were kicked. Reason - Away from keyboard.  
Sun Feb  4 00:58:03 2024 - Admin 0 : System/Rcon with 100 power kicked player: [KFC] z^7 id: 2310346614536740989 with the following reason: You were kicked. Reason - Away from keyboard.  
Sun Feb  4 01:43:03 2024 - Admin 0 : System/Rcon with 100 power kicked player: down^7 id: 2310346615478815449 with the following reason: You are permanently banned. Reason - #2 Do not use hack if you are detected using it you will be permanently banned. Visit discord.gg/YRBJbbmeAW to appeal 
Tue Feb  6 21:44:17 2024 - Admin 0 : System/Rcon with 100 power kicked player: Stalk^7 id: 2310346615478815449 with the following reason: You are permanently banned. Reason - #2 Do not use hack if you are detected using it you will be permanently banned. Visit discord.gg/YRBJbbmeAW to appeal 
Tue Feb  6 22:03:56 2024 - Admin 0 : System/Rcon with 100 power kicked player: Stalk^7 id: 2310346615478815449 with the following reason: You are permanently banned. Reason - #2 Do not use hack if you are detected using it you will be permanently banned. Visit discord.gg/YRBJbbmeAW to appeal 
Wed Feb  7 03:13:53 2024 - Admin 0 : System/Rcon with 100 power kicked player: GunGame^7 id: 2310346615478815449 with the following reason: You are permanently banned. Reason - #2 Do not use hack if you are detected using it you will be permanently banned. Visit discord.gg/YRBJbbmeAW to appeal 
Wed Feb  7 19:29:23 2024 - Admin 0 : System/Rcon with 100 power kicked player: Xudo^7 id: 2310346615611172257 with the following reason: You were kicked. Reason - Away from keyboard.  
Wed Feb  7 22:58:25 2024 - Admin 0 : System/Rcon with 100 power kicked player: Caisse n6^7 id: 2310346614233703889 with the following reason: You are permanently banned. Reason - #2 Do not use hack if you are detected using it you will be permanently banned. Visit discord.gg/YRBJbbmeAW to appeal 

Logfile opened on Thu Feb  8 16:42:40 2024

Thu Feb  8 16:42:40 2024 - Admin 0 : System/Rcon with 100 power kicked player: -^7 id: 2310346613777480205 with the following reason: You are temporarily banned. Reason - #5 Avoid any topic of racism that is not tolerated and will be permanently banned.. Time Remaining - 3 weeks 
Thu Feb  8 16:42:55 2024 - Admin 0 : System/Rcon with 100 power kicked player: -^7 id: 0 with the following reason: You are temporarily banned. Reason - #5 Avoid any topic of racism that is not tolerated and will be permanently banned.. Time Remaining - 3 weeks 
Thu Feb  8 22:25:57 2024 - Admin 0 : System/Rcon with 100 power kicked player: down^7 id: 2310346615478815449 with the following reason: You are permanently banned. Reason - #2 Do not use hack if you are detected using it you will be permanently banned. Visit discord.gg/YRBJbbmeAW to appeal 
Sat Feb 10 22:49:04 2024 - Admin 0 : System/Rcon with 100 power kicked player: teus^7 id: 2310346617028517982 with the following reason: You were kicked. Reason - Away from keyboard.  
Sun Feb 11 05:02:28 2024 - Admin 0 : System/Rcon with 100 power kicked player: jax^7 id: 0 with the following reason: You are permanently banned. Reason - #2 Do not use hack if you are detected using it you will be permanently banned. Visit discord.gg/YRBJbbmeAW to appeal 
Sun Feb 11 05:12:11 2024 - Admin 0 : System/Rcon with 100 power kicked player: Chatoff^7 id: 0 with the following reason: You are temporarily banned. Reason - #5 Avoid any topic of racism that is not tolerated and will be permanently banned.. Time Remaining - 3 weeks 
Sun Feb 11 23:10:29 2024 - Admin 0 : System/Rcon with 100 power kicked player: hani^7 id: 2310346614662886317 with the following reason: You are permanently banned. Reason - #2 Do not use hack if you are detected using it you will be permanently banned. Visit discord.gg/YRBJbbmeAW to appeal 
Sun Feb 11 23:22:48 2024 - Admin 0 : System/Rcon with 100 power kicked player: hani^7 id: 2310346614138513764 with the following reason: You are permanently banned. Reason - #2 Do not use hack if you are detected using it you will be permanently banned. Visit discord.gg/YRBJbbmeAW to appeal 
Tue Feb 13 05:41:21 2024 - Admin 0 : System/Rcon with 100 power kicked player: Chaka |X|^7 id: 2310346613777480205 with the following reason: You are temporarily banned. Reason - #5 Avoid any topic of racism that is not tolerated and will be permanently banned.. Time Remaining - 3 weeks 
Tue Feb 13 05:53:37 2024 - Admin 0 : System/Rcon with 100 power kicked player: Chaka |X|^7 id: 2310346613777480205 with the following reason: You are temporarily banned. Reason - #5 Avoid any topic of racism that is not tolerated and will be permanently banned.. Time Remaining - 3 weeks 
Tue Feb 13 21:18:26 2024 - Admin 0 : System/Rcon with 100 power kicked player: Chaka |X|^7 id: 2310346613777480205 with the following reason: You are temporarily banned. Reason - #5 Avoid any topic of racism that is not tolerated and will be permanently banned.. Time Remaining - 2 weeks 

Logfile opened on Thu Feb 15 02:04:58 2024

Thu Feb 15 02:04:58 2024 - Admin 0 : System/Rcon with 100 power kicked player: B52^7 id: 2310346613918743455 with the following reason: You are permanently banned. Reason - #2 Do not use hack if you are detected using it you will be permanently banned. Visit discord.gg/YRBJbbmeAW to appeal 

Logfile opened on Fri Feb 16 05:46:10 2024

Fri Feb 16 05:46:10 2024 - Admin 0 : System/Rcon with 100 power kicked player: camflash2122^7 id: 2310346615478815449 with the following reason: You are permanently banned. Reason - #2 Do not use hack if you are detected using it you will be permanently banned. Visit discord.gg/YRBJbbmeAW to appeal 
Sat Feb 17 18:18:18 2024 - Admin 0 : System/Rcon with 100 power kicked player: Gaaby96^7 id: 2310346615987973280 with the following reason: You were kicked. Reason - Away from keyboard.  
Sun Feb 18 22:16:10 2024 - Admin 0 : System/Rcon with 100 power kicked player: Gaaby96^7 id: 2310346615987973280 with the following reason: You were kicked. Reason - Away from keyboard.  
Sun Feb 18 22:59:31 2024 - Admin 0 : System/Rcon with 100 power kicked player: VenioX^7 id: 2310346616688086516 with the following reason: You are permanently banned. Reason - #2 Do not use hack if you are detected using it you will be permanently banned. Visit discord.gg/YRBJbbmeAW to appeal 
Tue Feb 20 00:58:54 2024 - Admin 0 : System/Rcon with 100 power kicked player: Kouzz [KFC]^7 id: 2310346616948372225 with the following reason: You were kicked. Reason - Away from keyboard.  
Wed Feb 21 01:18:35 2024 - Admin 0 : System/Rcon with 100 power kicked player: [KFC] King^7 id: 2310346615919448879 with the following reason: You are permanently banned. Reason - #2 Do not use hack if you are detected using it you will be permanently banned. Visit discord.gg/YRBJbbmeAW to appeal 

Logfile opened on Thu Feb 22 05:35:41 2024

Thu Feb 22 05:35:41 2024 - Admin 0 : System/Rcon with 100 power kicked player: ùìÆùìµùì∂ùì∏ùìπùì≤ùì∂ùìπ^7 id: 2310346616829966137 with the following reason: You were kicked. Reason - Your name cannot contain control characters.  
Thu Feb 22 15:55:45 2024 - Admin 0 : System/Rcon with 100 power kicked player: ////////////^7 id: 2310346616568321180 with the following reason: You are permanently banned. Reason - #2 Do not use hack if you are detected using it you will be permanently banned. Visit discord.gg/YRBJbbmeAW to appeal 

Logfile opened on Thu Feb 22 21:39:12 2024

Thu Feb 22 21:39:12 2024 - Admin 0 : System/Rcon with 100 power kicked player: me wha me?^7 id: 2310346616568321180 with the following reason: You are permanently banned. Reason - #2 Do not use hack if you are detected using it you will be permanently banned. Visit discord.gg/YRBJbbmeAW to appeal 

Logfile opened on Sat Feb 24 16:35:22 2024

Sat Feb 24 16:35:22 2024 - Admin 0 : System/Rcon with 100 power kicked player: CanyouWinMe?^7 id: 2310346614794519525 with the following reason: You are permanently banned. Reason - #2 Do not use hack if you are detected using it you will be permanently banned. Visit discord.gg/YRBJbbmeAW to appeal 
Sat Feb 24 16:35:45 2024 - Admin 0 : System/Rcon with 100 power kicked player: Chev Chelios^7 id: 2310346614794519525 with the following reason: You are permanently banned. Reason - #2 Do not use hack if you are detected using it you will be permanently banned. Visit discord.gg/YRBJbbmeAW to appeal 
Sat Feb 24 16:36:05 2024 - Admin 0 : System/Rcon with 100 power kicked player: Chev Chelios^7 id: 0 with the following reason: You are permanently banned. Reason - #2 Do not use hack if you are detected using it you will be permanently banned. Visit discord.gg/YRBJbbmeAW to appeal 
Sat Feb 24 16:36:36 2024 - Admin 0 : System/Rcon with 100 power kicked player: Chev Chelios^7 id: 2310346614794519525 with the following reason: You are permanently banned. Reason - #2 Do not use hack if you are detected using it you will be permanently banned. Visit discord.gg/YRBJbbmeAW to appeal 

Logfile opened on Tue Feb 27 23:41:27 2024

Tue Feb 27 23:41:27 2024 - Admin 0 : System/Rcon with 100 power kicked player: 30' Curry^7 id: 2310346616524435866 with the following reason: You were kicked. Reason - Away from keyboard.  

Logfile opened on Wed Feb 28 22:29:31 2024

Wed Feb 28 22:29:31 2024 - Admin 0 : System/Rcon with 100 power kicked player: [KFC]Topo^7 id: 2310346616472119102 with the following reason: You were kicked. Reason - 999ping.  
Wed Feb 28 22:32:52 2024 - Admin 0 : System/Rcon with 100 power kicked player: cBr :]^7 id: 2310346614838906626 with the following reason: You were kicked. Reason - 999 ping.  
Thu Feb 29 23:41:34 2024 - Admin 0 : System/Rcon with 100 power kicked player: My FPS 20 ^7 id: 2310346616419575057 with the following reason: You were kicked. Reason - FPS ping 999.  
Thu Feb 29 23:46:02 2024 - Admin 0 : System/Rcon with 100 power kicked player: My FPS 20 ^7 id: 2310346616419575057 with the following reason: You were kicked. Reason - mY FPS.  
Fri Mar  1 22:47:05 2024 - Admin 0 : System/Rcon with 100 power kicked player: c00^7 id: 2310346614838906626 with the following reason: You were kicked. Reason - Away from keyboard.  
Fri Mar  1 22:51:29 2024 - Admin 0 : System/Rcon with 100 power kicked player: [m]^7 id: 2310346614872877242 with the following reason: You were kicked. Reason - Away from keyboard.  

Logfile opened on Tue Mar  5 02:40:06 2024

Tue Mar  5 02:40:06 2024 - Admin 0 : System/Rcon with 100 power kicked player: lolozje^7 id: 2310346613297603896 with the following reason: You were kicked. Reason - play.  
Tue Mar  5 02:42:01 2024 - Admin 0 : System/Rcon with 100 power kicked player: lolozje^7 id: 2310346613297603896 with the following reason: You were kicked. Reason - play.  
Tue Mar  5 23:27:43 2024 - Admin 0 : System/Rcon with 100 power kicked player: zafiro^7 id: 2310346615478815449 with the following reason: You are permanently banned. Reason - #2 Do not use hack if you are detected using it you will be permanently banned. Visit discord.gg/YRBJbbmeAW to appeal 

Logfile opened on Wed Mar  6 23:17:29 2024

Wed Mar  6 23:17:29 2024 - Admin 0 : System/Rcon with 100 power kicked player: Razor^7 id: 2310346616978206869 with the following reason: You were kicked. Reason - 999.  
Thu Mar  7 00:08:46 2024 - Admin 0 : System/Rcon with 100 power kicked player: [KFC]King NukeJ^7 id: 2310346614488342040 with the following reason: You were kicked. Reason - 999.  
Thu Mar  7 00:10:46 2024 - Admin 0 : System/Rcon with 100 power kicked player: tomacco^7 id: 2310346615376114546 with the following reason: You were kicked. Reason - Away from keyboard.  
Thu Mar  7 01:35:44 2024 - Admin 0 : System/Rcon with 100 power kicked player: Gaaby96^7 id: 2310346615987973280 with the following reason: You were kicked. Reason - Server autokick ping.  
Thu Mar  7 23:27:54 2024 - Admin 0 : System/Rcon with 100 power kicked player: sikolx.VZGG^7 id: 2310346614872877242 with the following reason: You are temporarily banned. Reason - #4 Toxic Player and senselessly insulting any player on the server at any time will be banned permanently.. Time Remaining - 6 days 
Fri Mar  8 05:21:56 2024 - Admin 0 : System/Rcon with 100 power kicked player: envigado^7 id: 2310346614227777692 with the following reason: You were kicked. Reason - Away from keyboard.  

Logfile opened on Fri Mar  8 23:00:56 2024

Fri Mar  8 23:00:56 2024 - Admin 0 : System/Rcon with 100 power kicked player: RealJackasS!!!^7 id: 2310346615003280467 with the following reason: You were kicked. Reason - Away from keyboard.  
Fri Mar  8 23:11:21 2024 - Admin 0 : System/Rcon with 100 power kicked player: YNC christian^7 id: 2310346616783604959 with the following reason: You were kicked. Reason - no pasar ips de otros server.  
Fri Mar  8 23:26:59 2024 - Admin 0 : System/Rcon with 100 power kicked player: BenettMMNf^7 id: 2310346615476773216 with the following reason: You were kicked. Reason - Ponte el tag.  
Fri Mar  8 23:43:47 2024 - Admin 0 : System/Rcon with 100 power kicked player: BenettMMNf^7 id: 2310346615476773216 with the following reason: You were kicked. Reason - Away from keyboard.  
Sat Mar  9 00:45:06 2024 - Admin 0 : System/Rcon with 100 power kicked player: El Micho^7 id: 2310346613485248163 with the following reason: You are permanently banned. Reason - wh. Visit discord.gg/YRBJbbmeAW to appeal 

Logfile opened on Sat Mar  9 22:31:30 2024

Sat Mar  9 22:31:30 2024 - Admin 0 : System/Rcon with 100 power kicked player: [KFC]Teus^7 id: 2310346617028517982 with the following reason: You were kicked. Reason - Quitate el tag.  

Logfile opened on Mon Mar 11 18:17:40 2024

Mon Mar 11 18:17:40 2024 - Admin 0 : System/Rcon with 100 power kicked player: kei^7 id: 2310346614919938958 with the following reason: You were kicked. Reason - Ping.  
Tue Mar 12 00:05:21 2024 - Admin 0 : System/Rcon with 100 power kicked player: r=-^7 id: 2310346614872877242 with the following reason: You are temporarily banned. Reason - #4 Toxic Player and senselessly insulting any player on the server at any time will be banned permanently.. Time Remaining - 2 days 
Tue Mar 12 16:36:17 2024 - Admin 0 : System/Rcon with 100 power kicked player: xyeona^7 id: 2310346616568321180 with the following reason: You are permanently banned. Reason - #2 Do not use hack if you are detected using it you will be permanently banned. Visit discord.gg/YRBJbbmeAW to appeal 
Tue Mar 12 23:42:51 2024 - Admin 0 : System/Rcon with 100 power kicked player: c+ Nemesis.^7 id: 2310346615206225874 with the following reason: You are permanently banned. Reason - #2 Do not use hack if you are detected using it you will be permanently banned. Visit discord.gg/YRBJbbmeAW to appeal 
Tue Mar 12 23:59:29 2024 - Admin 0 : System/Rcon with 100 power kicked player: #A^7 id: 2310346617257680341 with the following reason: You were kicked. Reason - Away from keyboard.  

Logfile opened on Thu Mar 14 20:47:18 2024

Thu Mar 14 20:47:18 2024 - Admin 0 : System/Rcon with 100 power kicked player: Shooter^7 id: 2310346616385020324 with the following reason: You were kicked. Reason - Away from keyboard.  
Fri Mar 15 00:01:46 2024 - Admin 0 : System/Rcon with 100 power kicked player: rEx.envigado^7 id: 2310346614227777692 with the following reason: You were kicked. Reason - Away from keyboard.  
Fri Mar 15 00:04:54 2024 - Admin 0 : System/Rcon with 100 power kicked player: night walk^7 id: 2310346616568321180 with the following reason: You are permanently banned. Reason - #2 Do not use hack if you are detected using it you will be permanently banned. Visit discord.gg/YRBJbbmeAW to appeal 

Logfile opened on Thu Mar 21 23:27:11 2024

Thu Mar 21 23:27:11 2024 - Admin 0 : System/Rcon with 100 power kicked player: [KFC] wUbbZy^7 id: 2310346614488342040 with the following reason: You are permanently banned. Reason - ^1mayhembot.dll. Visit Check the unban request form found in our discord check the form in the channel ^5[^7#unban-request^5] ^5discord.gg/^7YRBJbbmeAW to appeal 
Fri Mar 22 22:43:32 2024 - Admin 0 : System/Rcon with 100 power kicked player: Vayne^7 id: 2310346614251091466 with the following reason: You are permanently banned. Reason - mayhembot.dll. Visit ^7Check the unban request form in our discord review all the instructions indicated in the channel ^5[^7#unban-request^5] ^5discord.gg/^7YRBJbbmeAW to appeal 
Fri Mar 22 22:45:26 2024 - Admin 0 : System/Rcon with 100 power kicked player: Vayne^7 id: 2310346614251091466 with the following reason: You are permanently banned. Reason - ^1mayhembot.dll. Visit ^7Check the unban request form in our discord review all the instructions indicated in the channel ^5[^7#unban-request^5] ^5discord.gg/^7YRBJbbmeAW to appeal 

Logfile opened on Wed Mar 27 17:03:12 2024

Wed Mar 27 17:03:12 2024 - Admin 0 : System/Rcon with 100 power kicked player: |KFC| mgwr^7 id: 2310346613136275632 with the following reason: You are permanently banned. Reason - ^1mayhembot.dll. Visit ^7Check the unban request form in our discord review all the instructions indicated in the channel ^5[^7#unban-request^5] ^5discord.^7kfc-promod.com to appeal 

Logfile opened on Mon Apr 22 14:01:02 2024

Mon Apr 22 14:01:02 2024 - Admin 0 : System/Rcon with 100 power kicked player: Elton Blont^7 id: 2310346615611172257 with the following reason: You were kicked. Reason - VPNs are not allowed on this server. For more information, go to ^7Check the unban request form in our discord review all the instructions indicated in the channel ^5[^7#unban-request^5] ^1discord^7.^1kfc^7-^1promod^7.^1com.  

Logfile opened on Sun May  5 19:35:27 2024

Sun May  5 19:35:27 2024 - Admin 0 : System/Rcon with 100 power kicked player: k.^7 id: 2310346616974922637 with the following reason: You were kicked. Reason - VPNs are not allowed on this server. For more information, go to ^7Check the unban request form in our discord review all the instructions indicated in the channel ^5[^7#unban-request^5] ^1discord^7.^1kfc^7-^1promod^7.^1com.  
